  autofit.c
  ftbase.c
  ftbbox.c
  ftbdf.c
  ftbitmap.c
  ftcid.c
  ftdebug.c
  ftfstype.c
  ftgasp.c
  ftglyph.c
  ftgxval.c
  ftinit.c
  ftmm.c
  ftotval.c
  ftpatent.c
  ftpfr.c
  ftstroke.c
  ftsynth.c
  ftsystem.c
  fttype1.c
  ftwinfnt.c
  bdf.c
  ftbzip2.c
  ftcache.c
  cff.c
  type1cid.c
  ftgzip.c
  ftlzw.c
  pcf.c
  pfr.c
  psaux.c
  pshinter.c
  psnames.c
  raster.c
  sdf.c
C:\Users\xenos\Documents\SHADE_Y2\SHADE_Engine_y2\Dependencies\msdf-atlas-gen\msdfgen\freetype\src\psaux\t1decode.c(1996,27): warning C4267: '=': conversion from 'size_t' to 'FT_Int', possible loss of data (compiling source file src\psaux\psaux.c)
  sfnt.c
C:\Users\xenos\Documents\SHADE_Y2\SHADE_Engine_y2\Dependencies\msdf-atlas-gen\msdfgen\freetype\src\psaux\psintrp.c(1005,29): warning C4267: '=': conversion from 'size_t' to 'FT_Fast', possible loss of data (compiling source file src\psaux\psaux.c)
  smooth.c
  ftsvg.c
  svg.c
  truetype.c
  type1.c
  type42.c
  winfnt.c
C:\Users\xenos\Documents\SHADE_Y2\SHADE_Engine_y2\Dependencies\msdf-atlas-gen\msdfgen\freetype\src\smooth\ftgrays.c(1980,26): warning C4267: '+=': conversion from 'size_t' to 'TCoord', possible loss of data (compiling source file src\smooth\smooth.c)
C:\Users\xenos\Documents\SHADE_Y2\SHADE_Engine_y2\Dependencies\msdf-atlas-gen\msdfgen\freetype\src\sfnt\sfdriver.c(863,32): warning C4267: '=': conversion from 'size_t' to 'FT_UInt', possible loss of data (compiling source file src\sfnt\sfnt.c)
C:\Users\xenos\Documents\SHADE_Y2\SHADE_Engine_y2\Dependencies\msdf-atlas-gen\msdfgen\freetype\src\sfnt\sfdriver.c(1015,44): warning C4244: 'function': conversion from '__int64' to 'const unsigned int', possible loss of data (compiling source file src\sfnt\sfnt.c)
C:\Users\xenos\Documents\SHADE_Y2\SHADE_Engine_y2\Dependencies\msdf-atlas-gen\msdfgen\freetype\src\type1\t1driver.c(276,51): warning C4267: '=': conversion from 'size_t' to 'FT_ULong', possible loss of data (compiling source file src\type1\type1.c)
C:\Users\xenos\Documents\SHADE_Y2\SHADE_Engine_y2\Dependencies\msdf-atlas-gen\msdfgen\freetype\src\type1\t1driver.c(297,58): warning C4267: '=': conversion from 'size_t' to 'FT_ULong', possible loss of data (compiling source file src\type1\type1.c)
C:\Users\xenos\Documents\SHADE_Y2\SHADE_Engine_y2\Dependencies\msdf-atlas-gen\msdfgen\freetype\src\type1\t1driver.c(329,65): warning C4267: '=': conversion from 'size_t' to 'FT_ULong', possible loss of data (compiling source file src\type1\type1.c)
C:\Users\xenos\Documents\SHADE_Y2\SHADE_Engine_y2\Dependencies\msdf-atlas-gen\msdfgen\freetype\src\type1\t1driver.c(359,23): warning C4267: '=': conversion from 'size_t' to 'FT_UInt', possible loss of data (compiling source file src\type1\type1.c)
C:\Users\xenos\Documents\SHADE_Y2\SHADE_Engine_y2\Dependencies\msdf-atlas-gen\msdfgen\freetype\src\type1\t1driver.c(568,59): warning C4267: '=': conversion from 'size_t' to 'FT_ULong', possible loss of data (compiling source file src\type1\type1.c)
C:\Users\xenos\Documents\SHADE_Y2\SHADE_Engine_y2\Dependencies\msdf-atlas-gen\msdfgen\freetype\src\type1\t1driver.c(577,58): warning C4267: '=': conversion from 'size_t' to 'FT_ULong', possible loss of data (compiling source file src\type1\type1.c)
C:\Users\xenos\Documents\SHADE_Y2\SHADE_Engine_y2\Dependencies\msdf-atlas-gen\msdfgen\freetype\src\type1\t1driver.c(586,61): warning C4267: '=': conversion from 'size_t' to 'FT_ULong', possible loss of data (compiling source file src\type1\type1.c)
C:\Users\xenos\Documents\SHADE_Y2\SHADE_Engine_y2\Dependencies\msdf-atlas-gen\msdfgen\freetype\src\type1\t1driver.c(595,63): warning C4267: '=': conversion from 'size_t' to 'FT_ULong', possible loss of data (compiling source file src\type1\type1.c)
C:\Users\xenos\Documents\SHADE_Y2\SHADE_Engine_y2\Dependencies\msdf-atlas-gen\msdfgen\freetype\src\type1\t1driver.c(605,58): warning C4267: '=': conversion from 'size_t' to 'FT_ULong', possible loss of data (compiling source file src\type1\type1.c)
C:\Users\xenos\Documents\SHADE_Y2\SHADE_Engine_y2\Dependencies\msdf-atlas-gen\msdfgen\freetype\src\type42\t42parse.c(870,66): warning C4244: '=': conversion from '__int64' to 'FT_Int', possible loss of data (compiling source file src\type42\type42.c)
C:\Users\xenos\Documents\SHADE_Y2\SHADE_Engine_y2\Dependencies\msdf-atlas-gen\msdfgen\freetype\src\type1\t1load.c(1771,68): warning C4244: '=': conversion from '__int64' to 'FT_Int', possible loss of data (compiling source file src\type1\type1.c)
C:\Users\xenos\Documents\SHADE_Y2\SHADE_Engine_y2\Dependencies\msdf-atlas-gen\msdfgen\freetype\src\type1\t1load.c(1941,40): warning C4244: '=': conversion from '__int64' to 'FT_Int', possible loss of data (compiling source file src\type1\type1.c)
ftsvg.obj : warning LNK4006: ft_svg_renderer_class already defined in svg.obj; second definition ignored
  freetype.vcxproj -> C:\Users\xenos\Documents\SHADE_Y2\SHADE_Engine_y2\Dependencies\msdf-atlas-gen\msdfgen\bin\Release_x86_64\freetype\freetype.lib
