  autofit.c
  ftbase.c
  ftbbox.c
  ftbdf.c
  ftbitmap.c
  ftcid.c
  ftdebug.c
  ftfstype.c
  ftgasp.c
  ftglyph.c
  ftgxval.c
  ftinit.c
  ftmm.c
  ftotval.c
  ftpatent.c
  ftpfr.c
  ftstroke.c
  ftsynth.c
  ftsystem.c
  fttype1.c
  ftwinfnt.c
  bdf.c
  ftbzip2.c
  ftcache.c
  cff.c
  type1cid.c
  ftgzip.c
  ftlzw.c
  pcf.c
  pfr.c
  psaux.c
  pshinter.c
  psnames.c
  raster.c
  sdf.c
  sfnt.c
  smooth.c
  ftsvg.c
  svg.c
  truetype.c
  type1.c
  type42.c
  winfnt.c
ftsvg.obj : warning LNK4006: ft_svg_renderer_class already defined in svg.obj; second definition ignored
  freetype.vcxproj -> C:\Users\xenos\Documents\SHADE_Y2\SHADE_Engine_y2\Dependencies\msdf-atlas-gen\msdfgen\bin\Debug_x86_64\freetype\freetype.lib
