  Contour.cpp
  EdgeHolder.cpp
  MSDFErrorCorrection.cpp
  Projection.cpp
  Scanline.cpp
  Shape.cpp
  SignedDistance.cpp
  Vector2.cpp
  contour-combiners.cpp
  edge-coloring.cpp
  edge-segments.cpp
  edge-selectors.cpp
  equation-solver.cpp
  msdf-error-correction.cpp
  msdfgen.cpp
  rasterization.cpp
  render-sdf.cpp
  save-bmp.cpp
  save-tiff.cpp
  sdf-error-estimation.cpp
  shape-description.cpp
  import-font.cpp
  import-svg.cpp
  resolve-shape-geometry.cpp
  save-png.cpp
  lodepng.cpp
  tinyxml2.cpp
C:\Users\xenos\Documents\SHADE_Y2\SHADE_Engine_y2\Dependencies\msdf-atlas-gen\msdfgen\lib\lodepng.cpp(3318,70): warning C4267: 'argument': conversion from 'size_t' to 'unsigned int', possible loss of data
C:\Users\xenos\Documents\SHADE_Y2\SHADE_Engine_y2\Dependencies\msdf-atlas-gen\msdfgen\lib\lodepng.cpp(4251,43): warning C4267: '=': conversion from 'size_t' to 'unsigned int', possible loss of data
  msdfgen.vcxproj -> C:\Users\xenos\Documents\SHADE_Y2\SHADE_Engine_y2\Dependencies\msdf-atlas-gen\msdfgen\bin\Release_x86_64\msdfgen\msdfgen.lib
